08-Feb-2018 16:56:19.588 INFO [main] org.apache.catalina.startup.VersionLoggerListener.log Server version:        Apache Tomcat/8.5.27
08-Feb-2018 16:56:19.591 INFO [main] org.apache.catalina.startup.VersionLoggerListener.log Server built:          Jan 18 2018 20:12:40 UTC
08-Feb-2018 16:56:19.592 INFO [main] org.apache.catalina.startup.VersionLoggerListener.log Server number:         8.5.27.0
08-Feb-2018 16:56:19.592 INFO [main] org.apache.catalina.startup.VersionLoggerListener.log OS Name:               Linux
08-Feb-2018 16:56:19.592 INFO [main] org.apache.catalina.startup.VersionLoggerListener.log OS Version:            3.10.0-693.11.1.el7.x86_64
08-Feb-2018 16:56:19.592 INFO [main] org.apache.catalina.startup.VersionLoggerListener.log Architecture:          amd64
08-Feb-2018 16:56:19.592 INFO [main] org.apache.catalina.startup.VersionLoggerListener.log Java Home:             /usr/lib/jvm/java-1.8.0-openjdk-1.8.0.161-3.b14.el6_9.x86_64/jre
08-Feb-2018 16:56:19.592 INFO [main] org.apache.catalina.startup.VersionLoggerListener.log JVM Version:           1.8.0_161-b14
08-Feb-2018 16:56:19.593 INFO [main] org.apache.catalina.startup.VersionLoggerListener.log JVM Vendor:            Oracle Corporation
08-Feb-2018 16:56:19.593 INFO [main] org.apache.catalina.startup.VersionLoggerListener.log CATALINA_BASE:         /data/tomcat-8.5.27
08-Feb-2018 16:56:19.593 INFO [main] org.apache.catalina.startup.VersionLoggerListener.log CATALINA_HOME:         /data/tomcat-8.5.27
08-Feb-2018 16:56:19.593 INFO [main] org.apache.catalina.startup.VersionLoggerListener.log Command line argument: -Djava.util.logging.config.file=/data/tomcat-8.5.27/conf/logging.properties
08-Feb-2018 16:56:19.594 INFO [main] org.apache.catalina.startup.VersionLoggerListener.log Command line argument: -Djava.util.logging.manager=org.apache.juli.ClassLoaderLogManager
08-Feb-2018 16:56:19.594 INFO [main] org.apache.catalina.startup.VersionLoggerListener.log Command line argument: -Djdk.tls.ephemeralDHKeySize=2048
08-Feb-2018 16:56:19.594 INFO [main] org.apache.catalina.startup.VersionLoggerListener.log Command line argument: -Djava.protocol.handler.pkgs=org.apache.catalina.webresources
08-Feb-2018 16:56:19.594 INFO [main] org.apache.catalina.startup.VersionLoggerListener.log Command line argument: -Dignore.endorsed.dirs=
08-Feb-2018 16:56:19.594 INFO [main] org.apache.catalina.startup.VersionLoggerListener.log Command line argument: -Dcatalina.base=/data/tomcat-8.5.27
08-Feb-2018 16:56:19.595 INFO [main] org.apache.catalina.startup.VersionLoggerListener.log Command line argument: -Dcatalina.home=/data/tomcat-8.5.27
08-Feb-2018 16:56:19.595 INFO [main] org.apache.catalina.startup.VersionLoggerListener.log Command line argument: -Djava.io.tmpdir=/data/tomcat-8.5.27/temp
08-Feb-2018 16:56:19.595 INFO [main] org.apache.catalina.core.AprLifecycleListener.lifecycleEvent The APR based Apache Tomcat Native library which allows optimal performance in production environments was not found on the java.library.path: [/usr/java/packages/lib/amd64:/usr/lib64:/lib64:/lib:/usr/lib]
08-Feb-2018 16:56:19.685 INFO [main] org.apache.coyote.AbstractProtocol.init Initializing ProtocolHandler ["http-nio-8080"]
08-Feb-2018 16:56:19.699 INFO [main] org.apache.tomcat.util.net.NioSelectorPool.getSharedSelector Using a shared selector for servlet write/read
08-Feb-2018 16:56:19.708 INFO [main] org.apache.coyote.AbstractProtocol.init Initializing ProtocolHandler ["ajp-nio-8009"]
08-Feb-2018 16:56:19.709 INFO [main] org.apache.tomcat.util.net.NioSelectorPool.getSharedSelector Using a shared selector for servlet write/read
08-Feb-2018 16:56:19.710 INFO [main] org.apache.catalina.startup.Catalina.load Initialization processed in 593 ms
08-Feb-2018 16:56:19.734 INFO [main] org.apache.catalina.core.StandardService.startInternal Starting service [Catalina]
08-Feb-2018 16:56:19.736 INFO [main] org.apache.catalina.core.StandardEngine.startInternal Starting Servlet Engine: Apache Tomcat/8.5.27
08-Feb-2018 16:56:19.752 INFO [localhost-startStop-1] org.apache.catalina.startup.HostConfig.deployDirectory Deploying web application directory [/data/tomcat-8.5.27/webapps/ROOT]
08-Feb-2018 16:56:20.099 INFO [localhost-startStop-1] org.apache.catalina.startup.HostConfig.deployDirectory Deployment of web application directory [/data/tomcat-8.5.27/webapps/ROOT] has finished in [346] ms
08-Feb-2018 16:56:20.102 INFO [main] org.apache.coyote.AbstractProtocol.start Starting ProtocolHandler ["http-nio-8080"]
08-Feb-2018 16:56:20.112 INFO [main] org.apache.coyote.AbstractProtocol.start Starting ProtocolHandler ["ajp-nio-8009"]
08-Feb-2018 16:56:20.118 INFO [main] org.apache.catalina.startup.Catalina.start Server startup in 408 ms
